<?xml version="1.0" encoding="UTF-8" ?>
<testsuite tests="0" failures="0" name="Algorithms.Algorithms.LinkedListTest" time="0" errors="0" skipped="0">
  <properties>
    <property name="java.vendor" value="Oracle Corporation"/>
    <property name="JOB_NAME" value="Codeguru"/>
    <property name="sun.java.launcher" value="SUN_STANDARD"/>
    <property name="NUMBER_OF_PROCESSORS" value="4"/>
    <property name="sun.management.compiler" value="HotSpot Client Compiler"/>
    <property name="JENKINS_HOME" value="C:\Program Files (x86)\Jenkins"/>
    <property name="HUDSON_SERVER_COOKIE" value="9f456f50e2f66385"/>
    <property name="os.name" value="Windows 8"/>
    <property name="sun.boot.class.path" value="C:\Program Files (x86)\Jenkins\jre\lib\resources.jar;C:\Program Files (x86)\Jenkins\jre\lib\rt.jar;C:\Program Files (x86)\Jenkins\jre\lib\sunrsasign.jar;C:\Program Files (x86)\Jenkins\jre\lib\jsse.jar;C:\Program Files (x86)\Jenkins\jre\lib\jce.jar;C:\Program Files (x86)\Jenkins\jre\lib\charsets.jar;C:\Program Files (x86)\Jenkins\jre\lib\jfr.jar;C:\Program Files (x86)\Jenkins\jre\classes"/>
    <property name="EXECUTOR_NUMBER" value="0"/>
    <property name="sun.desktop" value="windows"/>
    <property name="PATHEXT" value=".COM;.EXE;.BAT;.CMD;.VBS;.VBE;.JS;.JSE;.WSF;.WSH;.MSC;.PY"/>
    <property name="java.vm.specification.vendor" value="Oracle Corporation"/>
    <property name="NODE_LABELS" value="master"/>
    <property name="TEMP" value="C:\windows\TEMP"/>
    <property name="java.runtime.version" value="1.8.0_20-b26"/>
    <property name="ROOT_BUILD_CAUSE" value="MANUALTRIGGER"/>
    <property name="user.name" value="KH1974$"/>
    <property name="guice.disable.misplaced.annotation.check" value="true"/>
    <property name="CommonProgramW6432" value="C:\Program Files\Common Files"/>
    <property name="ProgramFiles" value="C:\Program Files (x86)"/>
    <property name="user.language" value="en"/>
    <property name="BUILD_DISPLAY_NAME" value="#1"/>
    <property name="sun.boot.library.path" value="C:\Program Files (x86)\Jenkins\jre\bin"/>
    <property name="LOCALAPPDATA" value="C:\windows\system32\config\systemprofile\AppData\Local"/>
    <property name="java.version" value="1.8.0_20"/>
    <property name="PROCESSOR_LEVEL" value="6"/>
    <property name="user.timezone" value="Asia/Calcutta"/>
    <property name="USERNAME" value="KH1974$"/>
    <property name="sun.arch.data.model" value="32"/>
    <property name="NODE_NAME" value="master"/>
    <property name="PROCESSOR_ARCHITEW6432" value="AMD64"/>
    <property name="java.endorsed.dirs" value="C:\Program Files (x86)\Jenkins\jre\lib\endorsed"/>
    <property name="BUILD_ID" value="1"/>
    <property name="sun.cpu.isalist" value="pentium_pro+mmx pentium_pro pentium+mmx pentium i486 i386 i86"/>
    <property name="sun.jnu.encoding" value="Cp1252"/>
    <property name="file.encoding.pkg" value="sun.io"/>
    <property name="file.separator" value="\"/>
    <property name="java.specification.name" value="Java Platform API Specification"/>
    <property name="java.class.version" value="52.0"/>
    <property name="org.slf4j.simpleLogger.defaultLogLevel" value="info"/>
    <property name="user.country" value="US"/>
    <property name="ALLUSERSPROFILE" value="C:\ProgramData"/>
    <property name="java.home" value="C:\Program Files (x86)\Jenkins\jre"/>
    <property name="java.vm.info" value="mixed mode"/>
    <property name="TFS_DIR" value="C:\Program Files\ThinkVantage Fingerprint Software\"/>
    <property name="os.version" value="6.2"/>
    <property name="configsetroot" value="C:\windows\ConfigSetRoot"/>
    <property name="TMP" value="C:\windows\TEMP"/>
    <property name="path.separator" value=";"/>
    <property name="java.vm.version" value="25.20-b23"/>
    <property name="user.variant" value=""/>
    <property name="CommonProgramFiles(x86)" value="C:\Program Files (x86)\Common Files"/>
    <property name="java.awt.printerjob" value="sun.awt.windows.WPrinterJob"/>
    <property name="FP_NO_HOST_CHECK" value="NO"/>
    <property name="JAVA_HOME" value="C:\Program Files\Java\jdk1.7.0_05"/>
    <property name="sun.io.unicode.encoding" value="UnicodeLittle"/>
    <property name="CommonProgramFiles" value="C:\Program Files (x86)\Common Files"/>
    <property name="ComSpec" value="C:\windows\system32\cmd.exe"/>
    <property name="awt.toolkit" value="sun.awt.windows.WToolkit"/>
    <property name="SERVICE_ID" value="jenkins"/>
    <property name="COMPUTERNAME" value="KH1974"/>
    <property name="user.script" value=""/>
    <property name="PUBLIC" value="C:\Users\Public"/>
    <property name="user.home" value="C:\windows\system32\config\systemprofile"/>
    <property name="BUILD_TAG" value="jenkins-Codeguru-1"/>
    <property name="JENKINS_SERVER_COOKIE" value="9f456f50e2f66385"/>
    <property name="HUDSON_URL" value="http://localhost:8080/"/>
    <property name="ProgramData" value="C:\ProgramData"/>
    <property name="java.specification.vendor" value="Oracle Corporation"/>
    <property name="USERPROFILE" value="C:\windows\system32\config\systemprofile"/>
    <property name="CLASSPATH" value=""/>
    <property name="java.vendor.url" value="http://java.oracle.com/"/>
    <property name="java.library.path" value="C:\Program Files (x86)\Jenkins\jre\bin;C:\windows\Sun\Java\bin;C:\windows\system32;C:\windows;E:\apache-maven-3.1.0/bin;C:\Program Files\ImageMagick-6.8.9-Q16;C:\Program Files (x86)\Intel\iCLS Client\;C:\Program Files\Intel\iCLS Client\;C:\windows\system32;C:\windows;C:\windows\System32\Wbem;C:\windows\System32\WindowsPowerShell\v1.0\;C:\Program Files\ThinkPad\Bluetooth Software\;C:\Program Files\ThinkPad\Bluetooth Software\syswow64;C:\Program Files\Intel\Intel(R) Management Engine Components\DAL;C:\Program Files\Intel\Intel(R) Management Engine Components\IPT;C:\Program Files (x86)\Intel\Intel(R) Management Engine Components\DAL;C:\Program Files (x86)\Intel\Intel(R) Management Engine Components\IPT;C:\Program Files (x86)\Intel\OpenCL SDK\2.0\bin\x86;C:\Program Files (x86)\Intel\OpenCL SDK\2.0\bin\x64;C:\ProgramData\Lenovo\ReadyApps;C:\Program Files\ImageMagick-6.8.9-Q16;C:\Program Files (x86)\Intel\iCLS Client\;C:\Program Files\Intel\iCLS Client\;C:\windows\system32;C:\windows;C:\windows\System32\Wbem;C:\windows\System32\WindowsPowerShell\v1.0\;C:\Program Files\ThinkPad\Bluetooth Software\;C:\Users\Kh1974\AppData\Roaming\npm;C:\Program Files\nodejs\;D:\android-sdk-windows;C:\Program Files (x86)\Skype\Phone\;C:\Program Files (x86)\MySQL\MySQL Utilities\;C:\Program Files (x86)\MySQL\MySQL Utilities\Doctrine extensions for PHP\;;."/>
    <property name="ROOT_BUILD_CAUSE_MANUALTRIGGER" value="true"/>
    <property name="java.vm.vendor" value="Oracle Corporation"/>
    <property name="APPDATA" value="C:\windows\system32\config\systemprofile\AppData\Roaming"/>
    <property name="java.runtime.name" value="Java(TM) SE Runtime Environment"/>
    <property name="maven.home" value="E:\apache-maven-3.1.0"/>
    <property name="java.class.path" value="C:\Program Files (x86)\Jenkins\plugins\maven-plugin\WEB-INF\lib\maven31-agent-1.5.jar;E:\apache-maven-3.1.0\boot\plexus-classworlds-2.4.2.jar;E:\apache-maven-3.1.0/conf/logging"/>
    <property name="sun.java.command" value="jenkins.maven3.agent.Maven31Main E:\apache-maven-3.1.0 C:\Program Files (x86)\Jenkins\war\WEB-INF\lib\remoting-2.51.jar C:\Program Files (x86)\Jenkins\plugins\maven-plugin\WEB-INF\lib\maven31-interceptor-1.5.jar C:\Program Files (x86)\Jenkins\plugins\maven-plugin\WEB-INF\lib\maven3-interceptor-commons-1.5.jar 57121"/>
    <property name="Path" value="C:\Program Files\ImageMagick-6.8.9-Q16;C:\Program Files (x86)\Intel\iCLS Client\;C:\Program Files\Intel\iCLS Client\;C:\windows\system32;C:\windows;C:\windows\System32\Wbem;C:\windows\System32\WindowsPowerShell\v1.0\;C:\Program Files\ThinkPad\Bluetooth Software\;C:\Program Files\ThinkPad\Bluetooth Software\syswow64;C:\Program Files\Intel\Intel(R) Management Engine Components\DAL;C:\Program Files\Intel\Intel(R) Management Engine Components\IPT;C:\Program Files (x86)\Intel\Intel(R) Management Engine Components\DAL;C:\Program Files (x86)\Intel\Intel(R) Management Engine Components\IPT;C:\Program Files (x86)\Intel\OpenCL SDK\2.0\bin\x86;C:\Program Files (x86)\Intel\OpenCL SDK\2.0\bin\x64;C:\ProgramData\Lenovo\ReadyApps;C:\Program Files\ImageMagick-6.8.9-Q16;C:\Program Files (x86)\Intel\iCLS Client\;C:\Program Files\Intel\iCLS Client\;C:\windows\system32;C:\windows;C:\windows\System32\Wbem;C:\windows\System32\WindowsPowerShell\v1.0\;C:\Program Files\ThinkPad\Bluetooth Software\;C:\Users\Kh1974\AppData\Roaming\npm;C:\Program Files\nodejs\;D:\android-sdk-windows;C:\Program Files (x86)\Skype\Phone\;C:\Program Files (x86)\MySQL\MySQL Utilities\;C:\Program Files (x86)\MySQL\MySQL Utilities\Doctrine extensions for PHP\;"/>
    <property name="READYAPPS" value="C:\ProgramData\Lenovo\ReadyApps"/>
    <property name="java.vm.specification.name" value="Java Virtual Machine Specification"/>
    <property name="PROCESSOR_ARCHITECTURE" value="x86"/>
    <property name="PROCESSOR_IDENTIFIER" value="Intel64 Family 6 Model 58 Stepping 9, GenuineIntel"/>
    <property name="java.vm.specification.version" value="1.8"/>
    <property name="sun.os.patch.level" value=""/>
    <property name="sun.cpu.endian" value="little"/>
    <property name="M2_HOME" value="E:\apache-maven-3.1.0"/>
    <property name="java.io.tmpdir" value="C:\windows\TEMP\"/>
    <property name="OS" value="Windows_NT"/>
    <property name="HUDSON_HOME" value="C:\Program Files (x86)\Jenkins"/>
    <property name="PATH+MAVEN" value="E:\apache-maven-3.1.0/bin"/>
    <property name="ProgramFiles(x86)" value="C:\Program Files (x86)"/>
    <property name="BUILD_URL" value="http://localhost:8080/job/Codeguru/1/"/>
    <property name="java.vendor.url.bug" value="http://bugreport.sun.com/bugreport/"/>
    <property name="java.awt.graphicsenv" value="sun.awt.Win32GraphicsEnvironment"/>
    <property name="os.arch" value="x86"/>
    <property name="SystemRoot" value="C:\windows"/>
    <property name="java.ext.dirs" value="C:\Program Files (x86)\Jenkins\jre\lib\ext;C:\windows\Sun\Java\lib\ext"/>
    <property name="user.dir" value="C:\Algorithms\Algorithms"/>
    <property name="JOB_URL" value="http://localhost:8080/job/Codeguru/"/>
    <property name="USERDOMAIN" value="KITSPL"/>
    <property name="line.separator" value="
"/>
    <property name="MAVEN_HOME" value="E:\apache-maven-3.1.0"/>
    <property name="java.vm.name" value="Java HotSpot(TM) Client VM"/>
    <property name="BUILD_NUMBER" value="1"/>
    <property name="BASE" value="C:\Program Files (x86)\Jenkins"/>
    <property name="JENKINS_URL" value="http://localhost:8080/"/>
    <property name="PROCESSOR_REVISION" value="3a09"/>
    <property name="ProgramW6432" value="C:\Program Files"/>
    <property name="BUILD_CAUSE_MANUALTRIGGER" value="true"/>
    <property name="windir" value="C:\windows"/>
    <property name="file.encoding" value="Cp1252"/>
    <property name="SystemDrive" value="C:"/>
    <property name="maven3.interceptor" value="C:\Program Files (x86)\Jenkins\plugins\maven-plugin\WEB-INF\lib\maven31-interceptor-1.5.jar"/>
    <property name="WORKSPACE" value="C:\Program Files (x86)\Jenkins\workspace\Codeguru"/>
    <property name="maven3.interceptor.common" value="C:\Program Files (x86)\Jenkins\plugins\maven-plugin\WEB-INF\lib\maven3-interceptor-commons-1.5.jar"/>
    <property name="WINSW_EXECUTABLE" value="C:\Program Files (x86)\Jenkins\jenkins.exe"/>
    <property name="TVT" value="C:\Program Files (x86)\Lenovo"/>
    <property name="java.specification.version" value="1.8"/>
    <property name="PSModulePath" value="C:\windows\system32\WindowsPowerShell\v1.0\Modules\"/>
    <property name="BUILD_CAUSE" value="MANUALTRIGGER"/>
  </properties>
</testsuite>