<?xml version="1.0" encoding="UTF-8"?>
<!-- Generated by org.testng.reporters.JUnitReportReporter -->
<testsuite hostname="KH1974" name="Tree.TreeTest1" tests="7" failures="0" timestamp="25 Oct 2015 18:19:19 GMT" time="0.020" errors="0">
  <testcase name="levelOrderTest" time="0.001" classname="Tree.TreeTest1"/>
  <testcase name="printLevelTest" time="0.001" classname="Tree.TreeTest1"/>
  <testcase name="inorderTest" time="0.001" classname="Tree.TreeTest1"/>
  <testcase name="spiralLevelOrderTest" time="0.000" classname="Tree.TreeTest1"/>
  <testcase name="createTree" time="0.014" classname="Tree.TreeTest1"/>
  <testcase name="preorderTest" time="0.001" classname="Tree.TreeTest1"/>
  <testcase name="postorderTest" time="0.002" classname="Tree.TreeTest1"/>
</testsuite> <!-- Tree.TreeTest1 -->
