<?xml version="1.0" encoding="UTF-8"?>
<!-- Generated by org.testng.reporters.JUnitReportReporter -->
<testsuite hostname="KH1974" name="String.StringTest" tests="7" failures="0" timestamp="25 Oct 2015 18:22:05 GMT" time="0.044" errors="0">
  <testcase name="TransformInMinimumOperationTest_1" time="0.032" classname="String.StringTest"/>
  <testcase name="testHashmap" time="0.009" classname="String.StringTest"/>
  <testcase name="TransformInMinimumOperationTest_2" time="0.001" classname="String.StringTest"/>
  <testcase name="TransformInMinimumOperationTest_4" time="0.000" classname="String.StringTest"/>
  <testcase name="TransformInMinimumOperationTest_3" time="0.001" classname="String.StringTest"/>
  <testcase name="TransformInMinimumOperationTest_6" time="0.000" classname="String.StringTest"/>
  <testcase name="TransformInMinimumOperationTest_5" time="0.001" classname="String.StringTest"/>
</testsuite> <!-- String.StringTest -->
