<?xml version="1.0" encoding="UTF-8"?>
<!-- Generated by org.testng.reporters.JUnitReportReporter -->
<testsuite hostname="KH1974" name="Array.ArrayTest" tests="1" failures="0" timestamp="26 Oct 2015 18:13:51 GMT" time="0.012" errors="0">
  <testcase name="printParenthesisTest" time="0.012" classname="Array.ArrayTest"/>
</testsuite> <!-- Array.ArrayTest -->
