<?xml version="1.0" encoding="UTF-8"?>
<!-- Generated by org.testng.reporters.JUnitReportReporter -->
<testsuite hostname="KH1974" name="Tree.TreeTest" tests="7" failures="0" timestamp="19 Oct 2015 16:31:53 GMT" time="0.033" errors="0">
  <testcase name="spiral_levelorderTest" time="0.003" classname="Tree.TreeTest"/>
  <testcase name="inorderTest" time="0.000" classname="Tree.TreeTest"/>
  <testcase name="levelorderITest" time="0.000" classname="Tree.TreeTest"/>
  <testcase name="createTree" time="0.021" classname="Tree.TreeTest"/>
  <testcase name="preorderTest" time="0.000" classname="Tree.TreeTest"/>
  <testcase name="postorderTest" time="0.008" classname="Tree.TreeTest"/>
  <testcase name="levelorderTest" time="0.001" classname="Tree.TreeTest"/>
</testsuite> <!-- Tree.TreeTest -->
