<?xml version="1.0" encoding="UTF-8"?>
<!-- Generated by org.testng.reporters.JUnitReportReporter -->
<testsuite hostname="KH1974" name="Algorithms.Algorithms.LinkedListTest" tests="3" failures="0" timestamp="19 Oct 2015 16:31:53 GMT" time="0.055" errors="0">
  <testcase name="C" time="0.001" classname="Algorithms.Algorithms.LinkedListTest"/>
  <testcase name="B" time="0.006" classname="Algorithms.Algorithms.LinkedListTest"/>
  <testcase name="printListTest" time="0.048" classname="Algorithms.Algorithms.LinkedListTest"/>
</testsuite> <!-- Algorithms.Algorithms.LinkedListTest -->
